\BOOKMARK [0][-]{chapter.1}{\376\377\0001\000\040\000D\000a\000t\000a\000\040\000S\000t\000r\000u\000c\000t\000u\000r\000e\000\040\000I\000n\000d\000e\000x}{}% 1
\BOOKMARK [1][-]{section.1.1}{\376\377\0001\000.\0001\000\040\000D\000a\000t\000a\000\040\000S\000t\000r\000u\000c\000t\000u\000r\000e\000s}{chapter.1}% 2
\BOOKMARK [0][-]{chapter.2}{\376\377\0002\000\040\000F\000i\000l\000e\000\040\000I\000n\000d\000e\000x}{}% 3
\BOOKMARK [1][-]{section.2.1}{\376\377\0002\000.\0001\000\040\000F\000i\000l\000e\000\040\000L\000i\000s\000t}{chapter.2}% 4
\BOOKMARK [0][-]{chapter.3}{\376\377\0003\000\040\000D\000a\000t\000a\000\040\000S\000t\000r\000u\000c\000t\000u\000r\000e\000\040\000D\000o\000c\000u\000m\000e\000n\000t\000a\000t\000i\000o\000n}{}% 5
\BOOKMARK [1][-]{section.3.1}{\376\377\0003\000.\0001\000\040\000s\000S\000c\000o\000r\000e\000\040\000S\000t\000r\000u\000c\000t\000\040\000R\000e\000f\000e\000r\000e\000n\000c\000e}{chapter.3}% 6
\BOOKMARK [2][-]{subsection.3.1.1}{\376\377\0003\000.\0001\000.\0001\000\040\000F\000i\000e\000l\000d\000\040\000D\000o\000c\000u\000m\000e\000n\000t\000a\000t\000i\000o\000n}{section.3.1}% 7
\BOOKMARK [3][-]{subsubsection.3.1.1.1}{\376\377\0003\000.\0001\000.\0001\000.\0001\000\040\000d\000i\000f\000f\000i\000c\000u\000l\000t\000y}{subsection.3.1.1}% 8
\BOOKMARK [3][-]{subsubsection.3.1.1.2}{\376\377\0003\000.\0001\000.\0001\000.\0002\000\040\000n\000a\000m\000e}{subsection.3.1.1}% 9
\BOOKMARK [3][-]{subsubsection.3.1.1.3}{\376\377\0003\000.\0001\000.\0001\000.\0003\000\040\000n\000e\000x\000t}{subsection.3.1.1}% 10
\BOOKMARK [3][-]{subsubsection.3.1.1.4}{\376\377\0003\000.\0001\000.\0001\000.\0004\000\040\000t\000i\000m\000e}{subsection.3.1.1}% 11
\BOOKMARK [3][-]{subsubsection.3.1.1.5}{\376\377\0003\000.\0001\000.\0001\000.\0005\000\040\000u\000s\000e\000r\000I\000d}{subsection.3.1.1}% 12
\BOOKMARK [0][-]{chapter.4}{\376\377\0004\000\040\000F\000i\000l\000e\000\040\000D\000o\000c\000u\000m\000e\000n\000t\000a\000t\000i\000o\000n}{}% 13
\BOOKMARK [1][-]{section.4.1}{\376\377\0004\000.\0001\000\040\000h\000e\000a\000d\000e\000r\000s\000/\000c\000o\000r\000e\000/\000g\000a\000m\000e\000.\000h\000\040\000F\000i\000l\000e\000\040\000R\000e\000f\000e\000r\000e\000n\000c\000e}{chapter.4}% 14
\BOOKMARK [2][-]{subsection.4.1.1}{\376\377\0004\000.\0001\000.\0001\000\040\000F\000u\000n\000c\000t\000i\000o\000n\000\040\000D\000o\000c\000u\000m\000e\000n\000t\000a\000t\000i\000o\000n}{section.4.1}% 15
\BOOKMARK [3][-]{subsubsection.4.1.1.1}{\376\377\0004\000.\0001\000.\0001\000.\0001\000\040\000c\000h\000e\000c\000k\000G\000a\000m\000e\000S\000t\000a\000t\000e\000\050\000\051}{subsection.4.1.1}% 16
\BOOKMARK [3][-]{subsubsection.4.1.1.2}{\376\377\0004\000.\0001\000.\0001\000.\0002\000\040\000d\000e\000l\000e\000t\000e\000C\000e\000l\000l\000s\000\050\000\051}{subsection.4.1.1}% 17
\BOOKMARK [3][-]{subsubsection.4.1.1.3}{\376\377\0004\000.\0001\000.\0001\000.\0003\000\040\000f\000i\000l\000l\000N\000o\000t\000e\000s\000F\000o\000r\000C\000e\000l\000l\000\050\000\051}{subsection.4.1.1}% 18
\BOOKMARK [3][-]{subsubsection.4.1.1.4}{\376\377\0004\000.\0001\000.\0001\000.\0004\000\040\000g\000e\000n\000e\000r\000a\000t\000e\000G\000a\000m\000e\000D\000a\000t\000a\000\050\000\051}{subsection.4.1.1}% 19
\BOOKMARK [3][-]{subsubsection.4.1.1.5}{\376\377\0004\000.\0001\000.\0001\000.\0005\000\040\000g\000e\000n\000e\000r\000a\000t\000e\000N\000u\000m\000b\000e\000r\000B\000y\000I\000n\000t\000e\000r\000v\000a\000l\000\050\000\051}{subsection.4.1.1}% 20
\BOOKMARK [3][-]{subsubsection.4.1.1.6}{\376\377\0004\000.\0001\000.\0001\000.\0006\000\040\000g\000e\000n\000e\000r\000a\000t\000e\000R\000a\000n\000d\000o\000m\000N\000u\000m\000b\000e\000r\000\050\000\051}{subsection.4.1.1}% 21
\BOOKMARK [3][-]{subsubsection.4.1.1.7}{\376\377\0004\000.\0001\000.\0001\000.\0007\000\040\000g\000e\000t\000G\000a\000m\000e\000S\000t\000a\000t\000u\000s\000\050\000\051}{subsection.4.1.1}% 22
\BOOKMARK [3][-]{subsubsection.4.1.1.8}{\376\377\0004\000.\0001\000.\0001\000.\0008\000\040\000g\000e\000t\000G\000r\000i\000d\000S\000t\000a\000t\000u\000s\000\050\000\051}{subsection.4.1.1}% 23
\BOOKMARK [3][-]{subsubsection.4.1.1.9}{\376\377\0004\000.\0001\000.\0001\000.\0009\000\040\000i\000s\000E\000l\000e\000m\000e\000n\000t\000I\000n\000A\000r\000r\000a\000y\000\050\000\051}{subsection.4.1.1}% 24
\BOOKMARK [3][-]{subsubsection.4.1.1.10}{\376\377\0004\000.\0001\000.\0001\000.\0001\0000\000\040\000i\000s\000E\000l\000e\000m\000e\000n\000t\000I\000n\000B\000o\000x\000\050\000\051}{subsection.4.1.1}% 25
\BOOKMARK [3][-]{subsubsection.4.1.1.11}{\376\377\0004\000.\0001\000.\0001\000.\0001\0001\000\040\000m\000a\000k\000e\000N\000o\000t\000e\000\050\000\051}{subsection.4.1.1}% 26
\BOOKMARK [3][-]{subsubsection.4.1.1.12}{\376\377\0004\000.\0001\000.\0001\000.\0001\0002\000\040\000n\000a\000v\000i\000g\000a\000t\000e\000T\000o\000\050\000\051}{subsection.4.1.1}% 27
\BOOKMARK [3][-]{subsubsection.4.1.1.13}{\376\377\0004\000.\0001\000.\0001\000.\0001\0003\000\040\000r\000e\000s\000e\000t\000A\000r\000r\000a\000y\000\050\000\051}{subsection.4.1.1}% 28
\BOOKMARK [3][-]{subsubsection.4.1.1.14}{\376\377\0004\000.\0001\000.\0001\000.\0001\0004\000\040\000r\000e\000s\000e\000t\000G\000a\000m\000e\000D\000a\000t\000a\000\050\000\051}{subsection.4.1.1}% 29
\BOOKMARK [3][-]{subsubsection.4.1.1.15}{\376\377\0004\000.\0001\000.\0001\000.\0001\0005\000\040\000s\000o\000l\000v\000e\000A\000l\000l\000\050\000\051}{subsection.4.1.1}% 30
\BOOKMARK [3][-]{subsubsection.4.1.1.16}{\376\377\0004\000.\0001\000.\0001\000.\0001\0006\000\040\000s\000o\000l\000v\000e\000C\000e\000l\000l\000\050\000\051}{subsection.4.1.1}% 31
\BOOKMARK [3][-]{subsubsection.4.1.1.17}{\376\377\0004\000.\0001\000.\0001\000.\0001\0007\000\040\000s\000o\000l\000v\000e\000G\000a\000m\000e\000\050\000\051}{subsection.4.1.1}% 32
\BOOKMARK [3][-]{subsubsection.4.1.1.18}{\376\377\0004\000.\0001\000.\0001\000.\0001\0008\000\040\000t\000i\000m\000e\000r\000\050\000\051}{subsection.4.1.1}% 33
\BOOKMARK [3][-]{subsubsection.4.1.1.19}{\376\377\0004\000.\0001\000.\0001\000.\0001\0009\000\040\000t\000i\000m\000e\000T\000o\000S\000t\000r\000i\000n\000g\000\050\000\051}{subsection.4.1.1}% 34
\BOOKMARK [2][-]{subsection.4.1.2}{\376\377\0004\000.\0001\000.\0002\000\040\000V\000a\000r\000i\000a\000b\000l\000e\000\040\000D\000o\000c\000u\000m\000e\000n\000t\000a\000t\000i\000o\000n}{section.4.1}% 35
\BOOKMARK [3][-]{subsubsection.4.1.2.1}{\376\377\0004\000.\0001\000.\0002\000.\0001\000\040\000c\000G\000a\000m\000e\000M\000e\000s\000s\000a\000g\000e}{subsection.4.1.2}% 36
\BOOKMARK [3][-]{subsubsection.4.1.2.2}{\376\377\0004\000.\0001\000.\0002\000.\0002\000\040\000c\000U\000u\000s\000e\000r\000n\000a\000m\000e}{subsection.4.1.2}% 37
\BOOKMARK [3][-]{subsubsection.4.1.2.3}{\376\377\0004\000.\0001\000.\0002\000.\0003\000\040\000i\000A\000n\000z\000a\000h\000l\000D\000e\000r\000H\000i\000l\000f\000e}{subsection.4.1.2}% 38
\BOOKMARK [3][-]{subsubsection.4.1.2.4}{\376\377\0004\000.\0001\000.\0002\000.\0004\000\040\000i\000A\000n\000z\000a\000h\000l\000D\000e\000r\000T\000i\000p\000p\000s}{subsection.4.1.2}% 39
\BOOKMARK [3][-]{subsubsection.4.1.2.5}{\376\377\0004\000.\0001\000.\0002\000.\0005\000\040\000i\000C\000u\000r\000r\000e\000n\000t\000P\000o\000s\000i\000t\000i\000o\000n}{subsection.4.1.2}% 40
\BOOKMARK [3][-]{subsubsection.4.1.2.6}{\376\377\0004\000.\0001\000.\0002\000.\0006\000\040\000i\000D\000e\000l\000e\000t\000e\000d\000C\000e\000l\000l\000s}{subsection.4.1.2}% 41
\BOOKMARK [3][-]{subsubsection.4.1.2.7}{\376\377\0004\000.\0001\000.\0002\000.\0007\000\040\000i\000D\000i\000f\000f\000i\000c\000u\000l\000t\000y}{subsection.4.1.2}% 42
\BOOKMARK [3][-]{subsubsection.4.1.2.8}{\376\377\0004\000.\0001\000.\0002\000.\0008\000\040\000i\000E\000r\000l\000a\000u\000b\000t\000e\000A\000n\000z\000a\000h\000l\000D\000e\000r\000H\000i\000l\000f\000e}{subsection.4.1.2}% 43
\BOOKMARK [3][-]{subsubsection.4.1.2.9}{\376\377\0004\000.\0001\000.\0002\000.\0009\000\040\000i\000E\000r\000l\000a\000u\000b\000t\000e\000A\000n\000z\000a\000h\000l\000D\000e\000r\000T\000i\000p\000p\000s}{subsection.4.1.2}% 44
\BOOKMARK [3][-]{subsubsection.4.1.2.10}{\376\377\0004\000.\0001\000.\0002\000.\0001\0000\000\040\000i\000E\000x\000i\000t\000T\000h\000e\000G\000a\000m\000e}{subsection.4.1.2}% 45
\BOOKMARK [3][-]{subsubsection.4.1.2.11}{\376\377\0004\000.\0001\000.\0002\000.\0001\0001\000\040\000i\000G\000a\000m\000e\000D\000a\000t\000a}{subsection.4.1.2}% 46
\BOOKMARK [3][-]{subsubsection.4.1.2.12}{\376\377\0004\000.\0001\000.\0002\000.\0001\0002\000\040\000i\000I\000s\000G\000a\000m\000e\000A\000c\000t\000i\000v\000e}{subsection.4.1.2}% 47
\BOOKMARK [3][-]{subsubsection.4.1.2.13}{\376\377\0004\000.\0001\000.\0002\000.\0001\0003\000\040\000i\000M\000a\000r\000k\000s}{subsection.4.1.2}% 48
\BOOKMARK [3][-]{subsubsection.4.1.2.14}{\376\377\0004\000.\0001\000.\0002\000.\0001\0004\000\040\000i\000s\000S\000o\000l\000v\000e\000d\000A\000u\000t\000o\000m\000a\000t\000i\000c}{subsection.4.1.2}% 49
\BOOKMARK [3][-]{subsubsection.4.1.2.15}{\376\377\0004\000.\0001\000.\0002\000.\0001\0005\000\040\000i\000U\000s\000e\000r\000C\000e\000l\000l\000s}{subsection.4.1.2}% 50
\BOOKMARK [3][-]{subsubsection.4.1.2.16}{\376\377\0004\000.\0001\000.\0002\000.\0001\0006\000\040\000i\000X\000\137\000c\000o\000o\000r\000d\000i\000n\000a\000t\000e}{subsection.4.1.2}% 51
\BOOKMARK [3][-]{subsubsection.4.1.2.17}{\376\377\0004\000.\0001\000.\0002\000.\0001\0007\000\040\000i\000Y\000\137\000c\000o\000o\000r\000d\000i\000n\000a\000t\000e}{subsection.4.1.2}% 52
\BOOKMARK [3][-]{subsubsection.4.1.2.18}{\376\377\0004\000.\0001\000.\0002\000.\0001\0008\000\040\000p\000i\000I\000s\000U\000s\000e\000r\000L\000o\000g\000g\000e\000d\000I\000n}{subsection.4.1.2}% 53
\BOOKMARK [3][-]{subsubsection.4.1.2.19}{\376\377\0004\000.\0001\000.\0002\000.\0001\0009\000\040\000p\000i\000U\000s\000e\000r\000I\000D}{subsection.4.1.2}% 54
\BOOKMARK [1][-]{section.4.2}{\376\377\0004\000.\0002\000\040\000h\000e\000a\000d\000e\000r\000s\000/\000c\000o\000r\000e\000/\000i\000n\000p\000u\000t\000H\000a\000n\000d\000l\000e\000r\000.\000h\000\040\000F\000i\000l\000e\000\040\000R\000e\000f\000e\000r\000e\000n\000c\000e}{chapter.4}% 55
\BOOKMARK [2][-]{subsection.4.2.1}{\376\377\0004\000.\0002\000.\0001\000\040\000F\000u\000n\000c\000t\000i\000o\000n\000\040\000D\000o\000c\000u\000m\000e\000n\000t\000a\000t\000i\000o\000n}{section.4.2}% 56
\BOOKMARK [3][-]{subsubsection.4.2.1.1}{\376\377\0004\000.\0002\000.\0001\000.\0001\000\040\000h\000a\000n\000d\000l\000e\000D\000e\000t\000a\000i\000l\000s\000D\000i\000a\000l\000o\000g\000I\000n\000p\000u\000t\000\050\000\051}{subsection.4.2.1}% 57
\BOOKMARK [3][-]{subsubsection.4.2.1.2}{\376\377\0004\000.\0002\000.\0001\000.\0002\000\040\000h\000a\000n\000d\000l\000e\000D\000e\000t\000a\000i\000l\000s\000I\000n\000p\000u\000t\000\050\000\051}{subsection.4.2.1}% 58
\BOOKMARK [3][-]{subsubsection.4.2.1.3}{\376\377\0004\000.\0002\000.\0001\000.\0003\000\040\000h\000a\000n\000d\000l\000e\000D\000i\000f\000f\000i\000c\000u\000l\000t\000y\000D\000i\000a\000l\000o\000g\000I\000n\000p\000u\000t\000\050\000\051}{subsection.4.2.1}% 59
\BOOKMARK [3][-]{subsubsection.4.2.1.4}{\376\377\0004\000.\0002\000.\0001\000.\0004\000\040\000h\000a\000n\000d\000l\000e\000E\000n\000t\000e\000r\000P\000a\000s\000s\000w\000o\000r\000d\000I\000n\000p\000u\000t\000\050\000\051}{subsection.4.2.1}% 60
\BOOKMARK [3][-]{subsubsection.4.2.1.5}{\376\377\0004\000.\0002\000.\0001\000.\0005\000\040\000h\000a\000n\000d\000l\000e\000H\000e\000l\000p\000I\000n\000p\000u\000t\000\050\000\051}{subsection.4.2.1}% 61
\BOOKMARK [3][-]{subsubsection.4.2.1.6}{\376\377\0004\000.\0002\000.\0001\000.\0006\000\040\000h\000a\000n\000d\000l\000e\000I\000n\000G\000a\000m\000e\000I\000n\000p\000u\000t\000\050\000\051}{subsection.4.2.1}% 62
\BOOKMARK [3][-]{subsubsection.4.2.1.7}{\376\377\0004\000.\0002\000.\0001\000.\0007\000\040\000h\000a\000n\000d\000l\000e\000M\000e\000n\000u\000I\000n\000p\000u\000t\000\050\000\051}{subsection.4.2.1}% 63
\BOOKMARK [3][-]{subsubsection.4.2.1.8}{\376\377\0004\000.\0002\000.\0001\000.\0008\000\040\000h\000a\000n\000d\000l\000e\000S\000e\000t\000M\000a\000r\000k\000I\000n\000p\000u\000t\000\050\000\051}{subsection.4.2.1}% 64
\BOOKMARK [3][-]{subsubsection.4.2.1.9}{\376\377\0004\000.\0002\000.\0001\000.\0009\000\040\000h\000a\000n\000d\000l\000e\000S\000e\000t\000P\000a\000s\000s\000w\000o\000r\000d\000I\000n\000p\000u\000t\000\050\000\051}{subsection.4.2.1}% 65
\BOOKMARK [3][-]{subsubsection.4.2.1.10}{\376\377\0004\000.\0002\000.\0001\000.\0001\0000\000\040\000h\000a\000n\000d\000l\000e\000S\000o\000l\000v\000e\000d\000G\000a\000m\000e\000I\000n\000p\000u\000t\000\050\000\051}{subsection.4.2.1}% 66
\BOOKMARK [3][-]{subsubsection.4.2.1.11}{\376\377\0004\000.\0002\000.\0001\000.\0001\0001\000\040\000h\000a\000n\000d\000l\000e\000U\000s\000e\000r\000N\000a\000m\000e\000I\000n\000p\000u\000t\000\050\000\051}{subsection.4.2.1}% 67
\BOOKMARK [3][-]{subsubsection.4.2.1.12}{\376\377\0004\000.\0002\000.\0001\000.\0001\0002\000\040\000s\000e\000t\000C\000o\000n\000f\000i\000g\000\050\000\051}{subsection.4.2.1}% 68
\BOOKMARK [1][-]{section.4.3}{\376\377\0004\000.\0003\000\040\000h\000e\000a\000d\000e\000r\000s\000/\000c\000o\000r\000e\000/\000v\000i\000e\000w\000.\000h\000\040\000F\000i\000l\000e\000\040\000R\000e\000f\000e\000r\000e\000n\000c\000e}{chapter.4}% 69
\BOOKMARK [2][-]{subsection.4.3.1}{\376\377\0004\000.\0003\000.\0001\000\040\000F\000u\000n\000c\000t\000i\000o\000n\000\040\000D\000o\000c\000u\000m\000e\000n\000t\000a\000t\000i\000o\000n}{section.4.3}% 70
\BOOKMARK [3][-]{subsubsection.4.3.1.1}{\376\377\0004\000.\0003\000.\0001\000.\0001\000\040\000c\000l\000e\000a\000r\000\137\000o\000u\000t\000p\000u\000t\000\050\000\051}{subsection.4.3.1}% 71
\BOOKMARK [3][-]{subsubsection.4.3.1.2}{\376\377\0004\000.\0003\000.\0001\000.\0002\000\040\000g\000e\000t\000R\000e\000m\000a\000i\000n\000i\000n\000g\000C\000e\000l\000l\000s\000\050\000\051}{subsection.4.3.1}% 72
\BOOKMARK [3][-]{subsubsection.4.3.1.3}{\376\377\0004\000.\0003\000.\0001\000.\0003\000\040\000i\000n\000i\000t\000C\000o\000l\000o\000r\000s\000\050\000\051}{subsection.4.3.1}% 73
\BOOKMARK [3][-]{subsubsection.4.3.1.4}{\376\377\0004\000.\0003\000.\0001\000.\0004\000\040\000l\000e\000n\000H\000e\000l\000p\000e\000r\000\050\000\051}{subsection.4.3.1}% 74
\BOOKMARK [3][-]{subsubsection.4.3.1.5}{\376\377\0004\000.\0003\000.\0001\000.\0005\000\040\000p\000r\000i\000n\000t\000\137\000l\000i\000s\000t\000\050\000\051}{subsection.4.3.1}% 75
\BOOKMARK [3][-]{subsubsection.4.3.1.6}{\376\377\0004\000.\0003\000.\0001\000.\0006\000\040\000p\000r\000i\000n\000t\000C\000o\000l\000o\000r\000e\000d\000N\000u\000m\000b\000e\000r\000\050\000\051}{subsection.4.3.1}% 76
\BOOKMARK [3][-]{subsubsection.4.3.1.7}{\376\377\0004\000.\0003\000.\0001\000.\0007\000\040\000p\000r\000i\000n\000t\000C\000o\000l\000o\000r\000e\000d\000S\000t\000r\000i\000n\000g\000\050\000\051}{subsection.4.3.1}% 77
\BOOKMARK [3][-]{subsubsection.4.3.1.8}{\376\377\0004\000.\0003\000.\0001\000.\0008\000\040\000p\000r\000i\000n\000t\000E\000m\000p\000t\000y\000T\000a\000b\000l\000e\000L\000i\000n\000e\000\050\000\051}{subsection.4.3.1}% 78
\BOOKMARK [3][-]{subsubsection.4.3.1.9}{\376\377\0004\000.\0003\000.\0001\000.\0009\000\040\000p\000r\000i\000n\000t\000E\000n\000d\000O\000f\000L\000i\000n\000e\000\050\000\051}{subsection.4.3.1}% 79
\BOOKMARK [3][-]{subsubsection.4.3.1.10}{\376\377\0004\000.\0003\000.\0001\000.\0001\0000\000\040\000p\000r\000i\000n\000t\000E\000n\000d\000O\000f\000T\000a\000b\000l\000e\000\050\000\051}{subsection.4.3.1}% 80
\BOOKMARK [3][-]{subsubsection.4.3.1.11}{\376\377\0004\000.\0003\000.\0001\000.\0001\0001\000\040\000p\000r\000i\000n\000t\000G\000a\000m\000e\000M\000e\000s\000s\000a\000g\000e\000\050\000\051}{subsection.4.3.1}% 81
\BOOKMARK [3][-]{subsubsection.4.3.1.12}{\376\377\0004\000.\0003\000.\0001\000.\0001\0002\000\040\000p\000r\000i\000n\000t\000S\000t\000a\000r\000t\000O\000f\000L\000i\000n\000e\000\050\000\051}{subsection.4.3.1}% 82
\BOOKMARK [3][-]{subsubsection.4.3.1.13}{\376\377\0004\000.\0003\000.\0001\000.\0001\0003\000\040\000p\000r\000i\000n\000t\000T\000a\000b\000l\000e\000L\000i\000n\000e\000\050\000\051}{subsection.4.3.1}% 83
\BOOKMARK [3][-]{subsubsection.4.3.1.14}{\376\377\0004\000.\0003\000.\0001\000.\0001\0004\000\040\000r\000e\000n\000d\000e\000r\000C\000o\000u\000r\000t\000\050\000\051}{subsection.4.3.1}% 84
\BOOKMARK [3][-]{subsubsection.4.3.1.15}{\376\377\0004\000.\0003\000.\0001\000.\0001\0005\000\040\000r\000e\000n\000d\000e\000r\000D\000B\000e\000s\000t\000S\000c\000o\000r\000e\000D\000i\000a\000l\000o\000g\000\050\000\051}{subsection.4.3.1}% 85
\BOOKMARK [3][-]{subsubsection.4.3.1.16}{\376\377\0004\000.\0003\000.\0001\000.\0001\0006\000\040\000r\000e\000n\000d\000e\000r\000D\000e\000t\000a\000i\000l\000s\000\050\000\051}{subsection.4.3.1}% 86
\BOOKMARK [3][-]{subsubsection.4.3.1.17}{\376\377\0004\000.\0003\000.\0001\000.\0001\0007\000\040\000r\000e\000n\000d\000e\000r\000D\000i\000f\000f\000i\000c\000u\000l\000t\000y\000D\000i\000a\000l\000o\000g\000\050\000\051}{subsection.4.3.1}% 87
\BOOKMARK [3][-]{subsubsection.4.3.1.18}{\376\377\0004\000.\0003\000.\0001\000.\0001\0008\000\040\000r\000e\000n\000d\000e\000r\000E\000n\000t\000e\000r\000P\000a\000s\000s\000w\000o\000r\000d\000\050\000\051}{subsection.4.3.1}% 88
\BOOKMARK [3][-]{subsubsection.4.3.1.19}{\376\377\0004\000.\0003\000.\0001\000.\0001\0009\000\040\000r\000e\000n\000d\000e\000r\000G\000a\000m\000e\000M\000e\000n\000u\000\050\000\051}{subsection.4.3.1}% 89
\BOOKMARK [3][-]{subsubsection.4.3.1.20}{\376\377\0004\000.\0003\000.\0001\000.\0002\0000\000\040\000r\000e\000n\000d\000e\000r\000H\000e\000l\000p\000D\000i\000a\000l\000o\000g\000\050\000\051}{subsection.4.3.1}% 90
\BOOKMARK [3][-]{subsubsection.4.3.1.21}{\376\377\0004\000.\0003\000.\0001\000.\0002\0001\000\040\000r\000e\000n\000d\000e\000r\000I\000n\000f\000o\000B\000o\000x\000\050\000\051}{subsection.4.3.1}% 91
\BOOKMARK [3][-]{subsubsection.4.3.1.22}{\376\377\0004\000.\0003\000.\0001\000.\0002\0002\000\040\000r\000e\000n\000d\000e\000r\000L\000o\000a\000d\000i\000n\000g\000B\000a\000r\000\050\000\051}{subsection.4.3.1}% 92
\BOOKMARK [3][-]{subsubsection.4.3.1.23}{\376\377\0004\000.\0003\000.\0001\000.\0002\0003\000\040\000r\000e\000n\000d\000e\000r\000M\000a\000r\000k\000M\000o\000d\000e\000M\000e\000s\000s\000a\000g\000e\000\050\000\051}{subsection.4.3.1}% 93
\BOOKMARK [3][-]{subsubsection.4.3.1.24}{\376\377\0004\000.\0003\000.\0001\000.\0002\0004\000\040\000r\000e\000n\000d\000e\000r\000M\000e\000n\000u\000\050\000\051}{subsection.4.3.1}% 94
\BOOKMARK [3][-]{subsubsection.4.3.1.25}{\376\377\0004\000.\0003\000.\0001\000.\0002\0005\000\040\000r\000e\000n\000d\000e\000r\000N\000o\000t\000e\000s\000B\000o\000x\000\050\000\051}{subsection.4.3.1}% 95
\BOOKMARK [3][-]{subsubsection.4.3.1.26}{\376\377\0004\000.\0003\000.\0001\000.\0002\0006\000\040\000r\000e\000n\000d\000e\000r\000S\000e\000t\000P\000a\000s\000s\000w\000o\000r\000d\000\050\000\051}{subsection.4.3.1}% 96
\BOOKMARK [3][-]{subsubsection.4.3.1.27}{\376\377\0004\000.\0003\000.\0001\000.\0002\0007\000\040\000r\000e\000n\000d\000e\000r\000S\000o\000l\000v\000e\000d\000G\000a\000m\000e\000\050\000\051}{subsection.4.3.1}% 97
\BOOKMARK [3][-]{subsubsection.4.3.1.28}{\376\377\0004\000.\0003\000.\0001\000.\0002\0008\000\040\000r\000e\000n\000d\000e\000r\000U\000s\000e\000r\000n\000a\000m\000e\000D\000i\000a\000l\000o\000g\000\050\000\051}{subsection.4.3.1}% 98
\BOOKMARK [3][-]{subsubsection.4.3.1.29}{\376\377\0004\000.\0003\000.\0001\000.\0002\0009\000\040\000s\000e\000t\000P\000r\000i\000n\000t\000i\000n\000g\000C\000o\000l\000o\000r\000\050\000\051}{subsection.4.3.1}% 99
\BOOKMARK [1][-]{section.4.4}{\376\377\0004\000.\0004\000\040\000h\000e\000a\000d\000e\000r\000s\000/\000g\000e\000t\000c\000h\000.\000h\000\040\000F\000i\000l\000e\000\040\000R\000e\000f\000e\000r\000e\000n\000c\000e}{chapter.4}% 100
\BOOKMARK [2][-]{subsection.4.4.1}{\376\377\0004\000.\0004\000.\0001\000\040\000F\000u\000n\000c\000t\000i\000o\000n\000\040\000D\000o\000c\000u\000m\000e\000n\000t\000a\000t\000i\000o\000n}{section.4.4}% 101
\BOOKMARK [3][-]{subsubsection.4.4.1.1}{\376\377\0004\000.\0004\000.\0001\000.\0001\000\040\000c\000b\000r\000e\000a\000k\000\050\000\051}{subsection.4.4.1}% 102
\BOOKMARK [3][-]{subsubsection.4.4.1.2}{\376\377\0004\000.\0004\000.\0001\000.\0002\000\040\000g\000e\000t\000c\000h\000\050\000\051}{subsection.4.4.1}% 103
\BOOKMARK [1][-]{section.4.5}{\376\377\0004\000.\0005\000\040\000h\000e\000a\000d\000e\000r\000s\000/\000s\000e\000r\000v\000i\000c\000e\000s\000/\000c\000o\000n\000n\000e\000c\000t\000i\000o\000n\000.\000h\000\040\000F\000i\000l\000e\000\040\000R\000e\000f\000e\000r\000e\000n\000c\000e}{chapter.4}% 104
\BOOKMARK [2][-]{subsection.4.5.1}{\376\377\0004\000.\0005\000.\0001\000\040\000V\000a\000r\000i\000a\000b\000l\000e\000\040\000D\000o\000c\000u\000m\000e\000n\000t\000a\000t\000i\000o\000n}{section.4.5}% 105
\BOOKMARK [3][-]{subsubsection.4.5.1.1}{\376\377\0004\000.\0005\000.\0001\000.\0001\000\040\000p\000s\000q\000l\000C\000o\000n\000n\000e\000c\000t\000i\000o\000n}{subsection.4.5.1}% 106
\BOOKMARK [1][-]{section.4.6}{\376\377\0004\000.\0006\000\040\000h\000e\000a\000d\000e\000r\000s\000/\000s\000e\000r\000v\000i\000c\000e\000s\000/\000s\000c\000o\000r\000e\000\137\000s\000e\000r\000v\000i\000c\000e\000.\000h\000\040\000F\000i\000l\000e\000\040\000R\000e\000f\000e\000r\000e\000n\000c\000e}{chapter.4}% 107
\BOOKMARK [2][-]{subsection.4.6.1}{\376\377\0004\000.\0006\000.\0001\000\040\000T\000y\000p\000e\000d\000e\000f\000\040\000D\000o\000c\000u\000m\000e\000n\000t\000a\000t\000i\000o\000n}{section.4.6}% 108
\BOOKMARK [3][-]{subsubsection.4.6.1.1}{\376\377\0004\000.\0006\000.\0001\000.\0001\000\040\000s\000c\000o\000r\000e}{subsection.4.6.1}% 109
\BOOKMARK [2][-]{subsection.4.6.2}{\376\377\0004\000.\0006\000.\0002\000\040\000F\000u\000n\000c\000t\000i\000o\000n\000\040\000D\000o\000c\000u\000m\000e\000n\000t\000a\000t\000i\000o\000n}{section.4.6}% 110
\BOOKMARK [3][-]{subsubsection.4.6.2.1}{\376\377\0004\000.\0006\000.\0002\000.\0001\000\040\000b\000e\000s\000t\000S\000c\000o\000r\000e\000C\000a\000l\000l\000b\000a\000c\000k\000\050\000\051}{subsection.4.6.2}% 111
\BOOKMARK [3][-]{subsubsection.4.6.2.2}{\376\377\0004\000.\0006\000.\0002\000.\0002\000\040\000g\000e\000t\000B\000e\000s\000t\000S\000c\000o\000r\000e\000\050\000\051}{subsection.4.6.2}% 112
\BOOKMARK [3][-]{subsubsection.4.6.2.3}{\376\377\0004\000.\0006\000.\0002\000.\0003\000\040\000g\000e\000t\000B\000e\000s\000t\000S\000c\000o\000r\000e\000B\000y\000U\000s\000e\000r\000I\000D\000\050\000\051}{subsection.4.6.2}% 113
\BOOKMARK [3][-]{subsubsection.4.6.2.4}{\376\377\0004\000.\0006\000.\0002\000.\0004\000\040\000g\000e\000t\000S\000c\000o\000r\000e\000s\000\050\000\051}{subsection.4.6.2}% 114
\BOOKMARK [3][-]{subsubsection.4.6.2.5}{\376\377\0004\000.\0006\000.\0002\000.\0005\000\040\000i\000n\000s\000e\000r\000t\000S\000c\000o\000r\000e\000\050\000\051}{subsection.4.6.2}% 115
\BOOKMARK [1][-]{section.4.7}{\376\377\0004\000.\0007\000\040\000h\000e\000a\000d\000e\000r\000s\000/\000s\000e\000r\000v\000i\000c\000e\000s\000/\000u\000s\000e\000r\000\137\000s\000e\000r\000v\000i\000c\000e\000.\000h\000\040\000F\000i\000l\000e\000\040\000R\000e\000f\000e\000r\000e\000n\000c\000e}{chapter.4}% 116
\BOOKMARK [2][-]{subsection.4.7.1}{\376\377\0004\000.\0007\000.\0001\000\040\000F\000u\000n\000c\000t\000i\000o\000n\000\040\000D\000o\000c\000u\000m\000e\000n\000t\000a\000t\000i\000o\000n}{section.4.7}% 117
\BOOKMARK [3][-]{subsubsection.4.7.1.1}{\376\377\0004\000.\0007\000.\0001\000.\0001\000\040\000c\000r\000e\000a\000t\000e\000S\000c\000o\000r\000e\000T\000a\000b\000l\000e\000\050\000\051}{subsection.4.7.1}% 118
\BOOKMARK [3][-]{subsubsection.4.7.1.2}{\376\377\0004\000.\0007\000.\0001\000.\0002\000\040\000c\000r\000e\000a\000t\000e\000U\000s\000e\000r\000T\000a\000b\000l\000e\000\050\000\051}{subsection.4.7.1}% 119
\BOOKMARK [3][-]{subsubsection.4.7.1.3}{\376\377\0004\000.\0007\000.\0001\000.\0003\000\040\000g\000e\000t\000U\000s\000e\000r\000I\000D\000\050\000\051}{subsection.4.7.1}% 120
\BOOKMARK [3][-]{subsubsection.4.7.1.4}{\376\377\0004\000.\0007\000.\0001\000.\0004\000\040\000g\000e\000t\000U\000s\000e\000r\000I\000d\000C\000a\000l\000l\000b\000a\000c\000k\000\050\000\051}{subsection.4.7.1}% 121
\BOOKMARK [3][-]{subsubsection.4.7.1.5}{\376\377\0004\000.\0007\000.\0001\000.\0005\000\040\000l\000o\000g\000i\000n\000U\000s\000e\000r\000\050\000\051}{subsection.4.7.1}% 122
\BOOKMARK [3][-]{subsubsection.4.7.1.6}{\376\377\0004\000.\0007\000.\0001\000.\0006\000\040\000r\000e\000g\000i\000s\000t\000e\000r\000U\000s\000e\000r\000\050\000\051}{subsection.4.7.1}% 123
\BOOKMARK [1][-]{section.4.8}{\376\377\0004\000.\0008\000\040\000h\000e\000a\000d\000e\000r\000s\000/\000s\000h\000a\000r\000e\000d\000/\000s\000h\000a\000r\000e\000d\000.\000h\000\040\000F\000i\000l\000e\000\040\000R\000e\000f\000e\000r\000e\000n\000c\000e}{chapter.4}% 124
\BOOKMARK [2][-]{subsection.4.8.1}{\376\377\0004\000.\0008\000.\0001\000\040\000M\000a\000c\000r\000o\000\040\000D\000e\000f\000i\000n\000i\000t\000i\000o\000n\000\040\000D\000o\000c\000u\000m\000e\000n\000t\000a\000t\000i\000o\000n}{section.4.8}% 125
\BOOKMARK [3][-]{subsubsection.4.8.1.1}{\376\377\0004\000.\0008\000.\0001\000.\0001\000\040\000M\000A\000X\000\137\000M\000A\000R\000K\000S}{subsection.4.8.1}% 126
\BOOKMARK [2][-]{subsection.4.8.2}{\376\377\0004\000.\0008\000.\0002\000\040\000E\000n\000u\000m\000e\000r\000a\000t\000i\000o\000n\000\040\000T\000y\000p\000e\000\040\000D\000o\000c\000u\000m\000e\000n\000t\000a\000t\000i\000o\000n}{section.4.8}% 127
\BOOKMARK [3][-]{subsubsection.4.8.2.1}{\376\377\0004\000.\0008\000.\0002\000.\0001\000\040\000A\000C\000T\000I\000O\000N\000S}{subsection.4.8.2}% 128
\BOOKMARK [3][-]{subsubsection.4.8.2.2}{\376\377\0004\000.\0008\000.\0002\000.\0002\000\040\000A\000R\000R\000O\000W\000S}{subsection.4.8.2}% 129
\BOOKMARK [3][-]{subsubsection.4.8.2.3}{\376\377\0004\000.\0008\000.\0002\000.\0003\000\040\000D\000I\000F\000F\000I\000C\000U\000L\000T\000Y}{subsection.4.8.2}% 130
\BOOKMARK [3][-]{subsubsection.4.8.2.4}{\376\377\0004\000.\0008\000.\0002\000.\0004\000\040\000G\000R\000I\000D\000\137\000S\000T\000A\000T\000U\000S}{subsection.4.8.2}% 131
\BOOKMARK [3][-]{subsubsection.4.8.2.5}{\376\377\0004\000.\0008\000.\0002\000.\0005\000\040\000P\000O\000S\000I\000T\000I\000O\000N\000S}{subsection.4.8.2}% 132
